Arguments: 
  C:\Program Files\nodejs\node.exe C:\Users\Paulina Grunwald\AppData\Roaming\npm\node_modules\yarn\bin\yarn.js install

PATH: 
  C:\Program Files\Git\mingw64\bin;C:\Program Files\Git\usr\bin;C:\Users\Paulina Grunwald\bin;C:\WINDOWS\system32;C:\WINDOWS;C:\WINDOWS\System32\Wbem;C:\WINDOWS\System32\WindowsPowerShell\v1.0;C:\WINDOWS\System32\OpenSSH;C:\Program Files\Microsoft VS Code\bin;C:\Program Files\Git\cmd;C:\Program Files\nodejs;C:\Program Files\Intel\WiFi\bin;C:\Program Files\Common Files\Intel\WirelessCommon;C:\Program Files (x86)\Calibre2;C:\Program Files (x86)\Kensington\TrackballWorks;C:\Users\Paulina Grunwald\AppData\Local\Microsoft\WindowsApps;C:\Users\Paulina Grunwald\AppData\Roaming\npm;C:\Users\Paulina Grunwald\AppData\Local\Programs\Microsoft VS Code\bin

Yarn version: 
  1.12.1

Node version: 
  8.11.3

Platform: 
  win32 x64

Trace: 
  SyntaxError: C:\Personal\comments_react_app\package.json: Unexpected token } in JSON at position 456
      at JSON.parse (<anonymous>)
      at C:\Users\Paulina Grunwald\AppData\Roaming\npm\node_modules\yarn\lib\cli.js:1166:59
      at Generator.next (<anonymous>)
      at step (C:\Users\Paulina Grunwald\AppData\Roaming\npm\node_modules\yarn\lib\cli.js:92:30)
      at C:\Users\Paulina Grunwald\AppData\Roaming\npm\node_modules\yarn\lib\cli.js:103:13
      at <anonymous>

npm manifest: 
  {
    "name": "server",
    "version": "1.0.0",
    "description": "",
    "main": "index.js",
    "scripts": {
      "test": "echo \"Error: no test specified\" && exit 1",
      "dev": "nodemon index.js"
    },
    "author": "",
    "license": "ISC",
    "dependencies": {
      "bcrypt-nodejs": "*",
      "body-parser": "*",
      "cors": "^2.8.4",
      "express": "*",
      "jwt-simple": "*",
      "mongoose": "*",
      "morgan": "*",
      "nodemon": "*",
      "passport": "*",
      "passport-jwt": "*",
      "passport-local": "*"
    }
  }

yarn manifest: 
  No manifest

Lockfile: 
  No lockfile
